<?xml version="1.0" encoding="utf-8"?>
<TestRun id="aec8ada1-d437-44bc-98cd-5a5275704b6c" name="Atif@KNIGHT 2021-12-26 21:28:28" runUser="KNIGHT\Atif" xmlns="http://microsoft.com/schemas/VisualStudio/TeamTest/2010">
  <Times creation="2021-12-26T21:28:28.2670684+05:00" queuing="2021-12-26T21:28:28.2670684+05:00" start="2021-12-26T21:26:17.5839449+05:00" finish="2021-12-26T21:28:28.2940756+05:00" />
  <TestSettings name="default" id="dc62c696-91ff-4f0d-ba69-41758b434007">
    <Deployment runDeploymentRoot="Atif_KNIGHT_2021-12-26_21_28_28" />
  </TestSettings>
  <Results>
    <UnitTestResult executionId="054a00ea-8ca6-4d5c-8ce1-1013343dee0c" testId="eda28b58-9264-4e7d-b68a-ff1377252515" testName="TC03_SignUp (Data Row 2)" computerName="KNIGHT" duration="00:00:26.9503038" startTime="2021-12-26T21:26:18.0861750+05:00" endTime="2021-12-26T21:28:27.7863435+05:00" testType="13cdc9d9-ddb5-4fa4-a97d-d965ccfc6d4b" outcome="Passed" testListId="8c84fa94-04c1-424b-9868-57a2d4851a1d" relativeResultsDirectory="054a00ea-8ca6-4d5c-8ce1-1013343dee0c" />
    <UnitTestResult executionId="c9398505-bec8-4ab3-ad3d-56be9860e213" testId="f45cc9a7-9d9f-4e51-bb03-cc4915119ffd" testName="TC03_SignUp (Data Row 4)" computerName="KNIGHT" duration="00:00:18.7121388" startTime="2021-12-26T21:26:18.0861750+05:00" endTime="2021-12-26T21:28:27.7863435+05:00" testType="13cdc9d9-ddb5-4fa4-a97d-d965ccfc6d4b" outcome="Passed" testListId="8c84fa94-04c1-424b-9868-57a2d4851a1d" relativeResultsDirectory="c9398505-bec8-4ab3-ad3d-56be9860e213" />
    <UnitTestResult executionId="a8a189e1-a139-4984-802d-d54b46d26e37" testId="69ca4373-12dd-490c-90ee-414fd3ff0235" testName="TC03_SignUp (Data Row 1)" computerName="KNIGHT" duration="00:00:26.9339776" startTime="2021-12-26T21:26:18.0861750+05:00" endTime="2021-12-26T21:28:27.7863435+05:00" testType="13cdc9d9-ddb5-4fa4-a97d-d965ccfc6d4b" outcome="Passed" testListId="8c84fa94-04c1-424b-9868-57a2d4851a1d" relativeResultsDirectory="a8a189e1-a139-4984-802d-d54b46d26e37" />
    <UnitTestResult executionId="fc79521d-cea7-41cf-b172-83a029a74611" testId="8a1b86d8-634a-45bf-9c69-e41ea63a817d" testName="TC03_SignUp (Data Row 0)" computerName="KNIGHT" duration="00:00:27.7264799" startTime="2021-12-26T21:26:18.0861750+05:00" endTime="2021-12-26T21:28:27.7863435+05:00" testType="13cdc9d9-ddb5-4fa4-a97d-d965ccfc6d4b" outcome="Passed" testListId="8c84fa94-04c1-424b-9868-57a2d4851a1d" relativeResultsDirectory="fc79521d-cea7-41cf-b172-83a029a74611" />
    <UnitTestResult executionId="81062d08-a620-4983-be33-9a79cfbc2888" testId="0050818e-ddfc-4b00-883f-13c5defe8aa7" testName="TC03_SignUp (Data Row 3)" computerName="KNIGHT" duration="00:00:16.8261297" startTime="2021-12-26T21:26:18.0861750+05:00" endTime="2021-12-26T21:28:27.7863435+05:00" testType="13cdc9d9-ddb5-4fa4-a97d-d965ccfc6d4b" outcome="Passed" testListId="8c84fa94-04c1-424b-9868-57a2d4851a1d" relativeResultsDirectory="81062d08-a620-4983-be33-9a79cfbc2888" />
  </Results>
  <TestDefinitions>
    <UnitTest name="TC03_SignUp (Data Row 0)" storage="c:\users\atif\desktop\automationdemo\bin\debug\automationdemo.dll" id="8a1b86d8-634a-45bf-9c69-e41ea63a817d">
      <TestCategory>
        <TestCategoryItem TestCategory="CSV" />
        <TestCategoryItem TestCategory="SignUp" />
      </TestCategory>
      <Execution id="fc79521d-cea7-41cf-b172-83a029a74611" />
      <TestMethod codeBase="C:\Users\Atif\Desktop\AutomationDemo\bin\Debug\AutomationDemo.dll" adapterTypeName="executor://mstestadapter/v2" className="AutomationDemo.PracticeAutomation.SignInSignUp.SignInSignUpPageTestCases" name="TC03_SignUp" />
    </UnitTest>
    <UnitTest name="TC03_SignUp (Data Row 2)" storage="c:\users\atif\desktop\automationdemo\bin\debug\automationdemo.dll" id="eda28b58-9264-4e7d-b68a-ff1377252515">
      <TestCategory>
        <TestCategoryItem TestCategory="CSV" />
        <TestCategoryItem TestCategory="SignUp" />
      </TestCategory>
      <Execution id="054a00ea-8ca6-4d5c-8ce1-1013343dee0c" />
      <TestMethod codeBase="C:\Users\Atif\Desktop\AutomationDemo\bin\Debug\AutomationDemo.dll" adapterTypeName="executor://mstestadapter/v2" className="AutomationDemo.PracticeAutomation.SignInSignUp.SignInSignUpPageTestCases" name="TC03_SignUp" />
    </UnitTest>
    <UnitTest name="TC03_SignUp (Data Row 1)" storage="c:\users\atif\desktop\automationdemo\bin\debug\automationdemo.dll" id="69ca4373-12dd-490c-90ee-414fd3ff0235">
      <TestCategory>
        <TestCategoryItem TestCategory="CSV" />
        <TestCategoryItem TestCategory="SignUp" />
      </TestCategory>
      <Execution id="a8a189e1-a139-4984-802d-d54b46d26e37" />
      <TestMethod codeBase="C:\Users\Atif\Desktop\AutomationDemo\bin\Debug\AutomationDemo.dll" adapterTypeName="executor://mstestadapter/v2" className="AutomationDemo.PracticeAutomation.SignInSignUp.SignInSignUpPageTestCases" name="TC03_SignUp" />
    </UnitTest>
    <UnitTest name="TC03_SignUp (Data Row 3)" storage="c:\users\atif\desktop\automationdemo\bin\debug\automationdemo.dll" id="0050818e-ddfc-4b00-883f-13c5defe8aa7">
      <TestCategory>
        <TestCategoryItem TestCategory="CSV" />
        <TestCategoryItem TestCategory="SignUp" />
      </TestCategory>
      <Execution id="81062d08-a620-4983-be33-9a79cfbc2888" />
      <TestMethod codeBase="C:\Users\Atif\Desktop\AutomationDemo\bin\Debug\AutomationDemo.dll" adapterTypeName="executor://mstestadapter/v2" className="AutomationDemo.PracticeAutomation.SignInSignUp.SignInSignUpPageTestCases" name="TC03_SignUp" />
    </UnitTest>
    <UnitTest name="TC03_SignUp (Data Row 4)" storage="c:\users\atif\desktop\automationdemo\bin\debug\automationdemo.dll" id="f45cc9a7-9d9f-4e51-bb03-cc4915119ffd">
      <TestCategory>
        <TestCategoryItem TestCategory="CSV" />
        <TestCategoryItem TestCategory="SignUp" />
      </TestCategory>
      <Execution id="c9398505-bec8-4ab3-ad3d-56be9860e213" />
      <TestMethod codeBase="C:\Users\Atif\Desktop\AutomationDemo\bin\Debug\AutomationDemo.dll" adapterTypeName="executor://mstestadapter/v2" className="AutomationDemo.PracticeAutomation.SignInSignUp.SignInSignUpPageTestCases" name="TC03_SignUp" />
    </UnitTest>
  </TestDefinitions>
  <TestEntries>
    <TestEntry testId="eda28b58-9264-4e7d-b68a-ff1377252515" executionId="054a00ea-8ca6-4d5c-8ce1-1013343dee0c" testListId="8c84fa94-04c1-424b-9868-57a2d4851a1d" />
    <TestEntry testId="f45cc9a7-9d9f-4e51-bb03-cc4915119ffd" executionId="c9398505-bec8-4ab3-ad3d-56be9860e213" testListId="8c84fa94-04c1-424b-9868-57a2d4851a1d" />
    <TestEntry testId="69ca4373-12dd-490c-90ee-414fd3ff0235" executionId="a8a189e1-a139-4984-802d-d54b46d26e37" testListId="8c84fa94-04c1-424b-9868-57a2d4851a1d" />
    <TestEntry testId="8a1b86d8-634a-45bf-9c69-e41ea63a817d" executionId="fc79521d-cea7-41cf-b172-83a029a74611" testListId="8c84fa94-04c1-424b-9868-57a2d4851a1d" />
    <TestEntry testId="0050818e-ddfc-4b00-883f-13c5defe8aa7" executionId="81062d08-a620-4983-be33-9a79cfbc2888" testListId="8c84fa94-04c1-424b-9868-57a2d4851a1d" />
  </TestEntries>
  <TestLists>
    <TestList name="Results Not in a List" id="8c84fa94-04c1-424b-9868-57a2d4851a1d" />
    <TestList name="All Loaded Results" id="19431567-8539-422a-85d7-44ee4e166bda" />
  </TestLists>
  <ResultSummary outcome="Completed">
    <Counters total="5" executed="5" passed="5" failed="0" error="0" timeout="0" aborted="0" inconclusive="0" passedButRunAborted="0" notRunnable="0" notExecuted="0" disconnected="0" warning="0" completed="0" inProgress="0" pending="0" />
  </ResultSummary>
</TestRun>