<?xml version="1.0" encoding="utf-8"?>
<TestRun id="e6b6eefa-70a6-477f-a677-38f03e8eb16b" name="atiffmuh@CRKRL-ATIFFMUH1 2021-12-30 20:16:25" runUser="TL\atiffmuh" xmlns="http://microsoft.com/schemas/VisualStudio/TeamTest/2010">
  <Times creation="2021-12-30T20:16:25.0913902+05:00" queuing="2021-12-30T20:16:25.0913902+05:00" start="2021-12-30T20:15:54.9946428+05:00" finish="2021-12-30T20:16:25.1173277+05:00" />
  <TestSettings name="default" id="51edd62a-e3d0-448e-ae6e-d44bc34dc25a">
    <Deployment runDeploymentRoot="atiffmuh_CRKRL-ATIFFMUH1_2021-12-30_20_16_25" />
  </TestSettings>
  <Results>
    <UnitTestResult executionId="383df17c-129a-4935-bb92-704bfee272c5" testId="9a8c0e27-b63d-433c-ae5a-ab2b71150a16" testName="TC04_SignUp (Data Row 1)" computerName="CRKRL-ATIFFMUH1" duration="00:00:08.9254466" startTime="2021-12-30T20:15:56.1165301+05:00" endTime="2021-12-30T20:16:24.8413431+05:00" testType="13cdc9d9-ddb5-4fa4-a97d-d965ccfc6d4b" outcome="Passed" testListId="8c84fa94-04c1-424b-9868-57a2d4851a1d" relativeResultsDirectory="383df17c-129a-4935-bb92-704bfee272c5" />
    <UnitTestResult executionId="d59f70b8-d928-4f4f-959b-a24643039ff9" testId="db277a6e-20f1-4294-8157-7b1f73f903d4" testName="TC04_SignUp (Data Row 0)" computerName="CRKRL-ATIFFMUH1" duration="00:00:11.7116747" startTime="2021-12-30T20:15:56.1165301+05:00" endTime="2021-12-30T20:16:24.8413431+05:00" testType="13cdc9d9-ddb5-4fa4-a97d-d965ccfc6d4b" outcome="Passed" testListId="8c84fa94-04c1-424b-9868-57a2d4851a1d" relativeResultsDirectory="d59f70b8-d928-4f4f-959b-a24643039ff9" />
  </Results>
  <TestDefinitions>
    <UnitTest name="TC04_SignUp (Data Row 1)" storage="d:\onedrive - constellation homebuilder systems\automation\automationdemo\bin\debug\automationdemo.dll" id="9a8c0e27-b63d-433c-ae5a-ab2b71150a16">
      <TestCategory>
        <TestCategoryItem TestCategory="Positive" />
        <TestCategoryItem TestCategory="SignUp" />
        <TestCategoryItem TestCategory="MSSQL" />
      </TestCategory>
      <Execution id="383df17c-129a-4935-bb92-704bfee272c5" />
      <TestMethod codeBase="D:\OneDrive - Constellation HomeBuilder Systems\Automation\AutomationDemo\bin\Debug\AutomationDemo.dll" adapterTypeName="executor://mstestadapter/v2" className="AutomationDemo.PracticeAutomation.SignInSignUp.SignInSignUpPageTestCases" name="TC04_SignUp" />
    </UnitTest>
    <UnitTest name="TC04_SignUp (Data Row 0)" storage="d:\onedrive - constellation homebuilder systems\automation\automationdemo\bin\debug\automationdemo.dll" id="db277a6e-20f1-4294-8157-7b1f73f903d4">
      <TestCategory>
        <TestCategoryItem TestCategory="Positive" />
        <TestCategoryItem TestCategory="SignUp" />
        <TestCategoryItem TestCategory="MSSQL" />
      </TestCategory>
      <Execution id="d59f70b8-d928-4f4f-959b-a24643039ff9" />
      <TestMethod codeBase="D:\OneDrive - Constellation HomeBuilder Systems\Automation\AutomationDemo\bin\Debug\AutomationDemo.dll" adapterTypeName="executor://mstestadapter/v2" className="AutomationDemo.PracticeAutomation.SignInSignUp.SignInSignUpPageTestCases" name="TC04_SignUp" />
    </UnitTest>
  </TestDefinitions>
  <TestEntries>
    <TestEntry testId="9a8c0e27-b63d-433c-ae5a-ab2b71150a16" executionId="383df17c-129a-4935-bb92-704bfee272c5" testListId="8c84fa94-04c1-424b-9868-57a2d4851a1d" />
    <TestEntry testId="db277a6e-20f1-4294-8157-7b1f73f903d4" executionId="d59f70b8-d928-4f4f-959b-a24643039ff9" testListId="8c84fa94-04c1-424b-9868-57a2d4851a1d" />
  </TestEntries>
  <TestLists>
    <TestList name="Results Not in a List" id="8c84fa94-04c1-424b-9868-57a2d4851a1d" />
    <TestList name="All Loaded Results" id="19431567-8539-422a-85d7-44ee4e166bda" />
  </TestLists>
  <ResultSummary outcome="Completed">
    <Counters total="2" executed="2" passed="2" failed="0" error="0" timeout="0" aborted="0" inconclusive="0" passedButRunAborted="0" notRunnable="0" notExecuted="0" disconnected="0" warning="0" completed="0" inProgress="0" pending="0" />
  </ResultSummary>
</TestRun>